Base path: 'C:/Program Files/Unity/Hub/Editor/2022.1.13f1/Editor/Data', plugins path 'C:/Program Files/Unity/Hub/Editor/2022.1.13f1/Editor/Data/PlaybackEngines'
Cmd: initializeCompiler

Cmd: compileComputeKernel
  insize=8205 file=Packages/com.unity.render-pipelines.high-definition/Runtime/Material/Hair/MultipleScattering/HairMultipleScatteringPreIntegration.compute kernel=PreIntegrateAzimuthalScattering ppOnly=0 stripLineD=0 buildPlatform=19 km=<UNITY_VERSION=202219> pKW=UNITY_ENABLE_REFLECTION_BUFFERS UNITY_USE_DITHER_MASK_FOR_ALPHABLENDED_SHADOWS UNITY_PBS_USE_BRDF1 UNITY_SPECCUBE_BOX_PROJECTION UNITY_SPECCUBE_BLENDING UNITY_ENABLE_DETAIL_NORMALMAP SHADER_API_DESKTOP UNITY_LIGHT_PROBE_PROXY_VOLUME UNITY_LIGHTMAP_FULL_HDR uKW=SHADER_STAGE_COMPUTE platform=d3d11 flags=0 reqs=16385 forceDXC=0 forceFXC=0  error: 2 plat 25 at HairMultipleScatteringPreIntegration.compute(20): Couldn't open include file 'Packages/com.unity.render-pipelines.core/ShaderLibrary/Common.hlsl'.
 ok=0 outsize=0

Cmd: compileComputeKernel
  insize=11111 file=Packages/com.unity.render-pipelines.high-definition/Runtime/Lighting/LightLoop/Deferred.compute kernel=Deferred_Indirect_Fptl_Variant0 ppOnly=0 stripLineD=0 buildPlatform=19 km=<SHADE_OPAQUE_ENTRY=Deferred_Indirect_Fptl_Variant0>,<USE_INDIRECT=1>,<VARIANT=0>,<UNITY_VERSION=202219> pKW=UNITY_ENABLE_REFLECTION_BUFFERS UNITY_USE_DITHER_MASK_FOR_ALPHABLENDED_SHADOWS UNITY_PBS_USE_BRDF1 UNITY_SPECCUBE_BOX_PROJECTION UNITY_SPECCUBE_BLENDING UNITY_ENABLE_DETAIL_NORMALMAP SHADER_API_DESKTOP UNITY_LIGHT_PROBE_PROXY_VOLUME UNITY_LIGHTMAP_FULL_HDR uKW=SCREEN_SPACE_SHADOWS_OFF PROBE_VOLUMES_OFF SHADOW_MEDIUM SHADER_STAGE_COMPUTE platform=d3d11 flags=0 reqs=16385 forceDXC=0 forceFXC=0  error: 2 plat 25 at Deferred.compute(60): Couldn't open include file 'Packages/com.unity.render-pipelines.high-definition/Runtime/RenderPipeline/ShaderPass/ShaderPass.cs.hlsl'.
 ok=0 outsize=0

Cmd: compileComputeKernel
  insize=11111 file=Packages/com.unity.render-pipelines.high-definition/Runtime/Lighting/LightLoop/Deferred.compute kernel=Deferred_Indirect_Fptl_Variant7 ppOnly=0 stripLineD=0 buildPlatform=19 km=<SHADE_OPAQUE_ENTRY=Deferred_Indirect_Fptl_Variant7>,<USE_INDIRECT=1>,<VARIANT=7>,<UNITY_VERSION=202219> pKW=UNITY_ENABLE_REFLECTION_BUFFERS UNITY_USE_DITHER_MASK_FOR_ALPHABLENDED_SHADOWS UNITY_PBS_USE_BRDF1 UNITY_SPECCUBE_BOX_PROJECTION UNITY_SPECCUBE_BLENDING UNITY_ENABLE_DETAIL_NORMALMAP SHADER_API_DESKTOP UNITY_LIGHT_PROBE_PROXY_VOLUME UNITY_LIGHTMAP_FULL_HDR uKW=SCREEN_SPACE_SHADOWS_OFF PROBE_VOLUMES_OFF SHADOW_MEDIUM SHADER_STAGE_COMPUTE platform=d3d11 flags=0 reqs=16385 forceDXC=0 forceFXC=0  error: 2 plat 25 at Deferred.compute(60): Couldn't open include file 'Packages/com.unity.render-pipelines.high-definition/Runtime/RenderPipeline/ShaderPass/ShaderPass.cs.hlsl'.
 ok=0 outsize=0

Cmd: compileComputeKernel
  insize=11111 file=Packages/com.unity.render-pipelines.high-definition/Runtime/Lighting/LightLoop/Deferred.compute kernel=Deferred_Indirect_Fptl_Variant10 ppOnly=0 stripLineD=0 buildPlatform=19 km=<SHADE_OPAQUE_ENTRY=Deferred_Indirect_Fptl_Variant10>,<USE_INDIRECT=1>,<VARIANT=10>,<UNITY_VERSION=202219> pKW=UNITY_ENABLE_REFLECTION_BUFFERS UNITY_USE_DITHER_MASK_FOR_ALPHABLENDED_SHADOWS UNITY_PBS_USE_BRDF1 UNITY_SPECCUBE_BOX_PROJECTION UNITY_SPECCUBE_BLENDING UNITY_ENABLE_DETAIL_NORMALMAP SHADER_API_DESKTOP UNITY_LIGHT_PROBE_PROXY_VOLUME UNITY_LIGHTMAP_FULL_HDR uKW=SCREEN_SPACE_SHADOWS_OFF PROBE_VOLUMES_OFF SHADOW_MEDIUM SHADER_STAGE_COMPUTE platform=d3d11 flags=0 reqs=16385 forceDXC=0 forceFXC=0  error: 2 plat 25 at Deferred.compute(60): Couldn't open include file 'Packages/com.unity.render-pipelines.high-definition/Runtime/RenderPipeline/ShaderPass/ShaderPass.cs.hlsl'.
 ok=0 outsize=0

Cmd: compileComputeKernel
  insize=11111 file=Packages/com.unity.render-pipelines.high-definition/Runtime/Lighting/LightLoop/Deferred.compute kernel=Deferred_Indirect_Fptl_Variant13 ppOnly=0 stripLineD=0 buildPlatform=19 km=<SHADE_OPAQUE_ENTRY=Deferred_Indirect_Fptl_Variant13>,<USE_INDIRECT=1>,<VARIANT=13>,<UNITY_VERSION=202219> pKW=UNITY_ENABLE_REFLECTION_BUFFERS UNITY_USE_DITHER_MASK_FOR_ALPHABLENDED_SHADOWS UNITY_PBS_USE_BRDF1 UNITY_SPECCUBE_BOX_PROJECTION UNITY_SPECCUBE_BLENDING UNITY_ENABLE_DETAIL_NORMALMAP SHADER_API_DESKTOP UNITY_LIGHT_PROBE_PROXY_VOLUME UNITY_LIGHTMAP_FULL_HDR uKW=SCREEN_SPACE_SHADOWS_OFF PROBE_VOLUMES_OFF SHADOW_MEDIUM SHADER_STAGE_COMPUTE platform=d3d11 flags=0 reqs=16385 forceDXC=0 forceFXC=0  error: 2 plat 25 at Deferred.compute(60): Couldn't open include file 'Packages/com.unity.render-pipelines.high-definition/Runtime/RenderPipeline/ShaderPass/ShaderPass.cs.hlsl'.
 ok=0 outsize=0

Cmd: compileComputeKernel
  insize=11111 file=Packages/com.unity.render-pipelines.high-definition/Runtime/Lighting/LightLoop/Deferred.compute kernel=Deferred_Indirect_Fptl_Variant15 ppOnly=0 stripLineD=0 buildPlatform=19 km=<SHADE_OPAQUE_ENTRY=Deferred_Indirect_Fptl_Variant15>,<USE_INDIRECT=1>,<VARIANT=15>,<UNITY_VERSION=202219> pKW=UNITY_ENABLE_REFLECTION_BUFFERS UNITY_USE_DITHER_MASK_FOR_ALPHABLENDED_SHADOWS UNITY_PBS_USE_BRDF1 UNITY_SPECCUBE_BOX_PROJECTION UNITY_SPECCUBE_BLENDING UNITY_ENABLE_DETAIL_NORMALMAP SHADER_API_DESKTOP UNITY_LIGHT_PROBE_PROXY_VOLUME UNITY_LIGHTMAP_FULL_HDR uKW=SCREEN_SPACE_SHADOWS_OFF PROBE_VOLUMES_OFF SHADOW_MEDIUM SHADER_STAGE_COMPUTE platform=d3d11 flags=0 reqs=16385 forceDXC=0 forceFXC=0  error: 2 plat 25 at Deferred.compute(60): Couldn't open include file 'Packages/com.unity.render-pipelines.high-definition/Runtime/RenderPipeline/ShaderPass/ShaderPass.cs.hlsl'.
 ok=0 outsize=0

Cmd: compileComputeKernel
  insize=11111 file=Packages/com.unity.render-pipelines.high-definition/Runtime/Lighting/LightLoop/Deferred.compute kernel=Deferred_Indirect_Fptl_Variant18 ppOnly=0 stripLineD=0 buildPlatform=19 km=<SHADE_OPAQUE_ENTRY=Deferred_Indirect_Fptl_Variant18>,<USE_INDIRECT=1>,<VARIANT=18>,<UNITY_VERSION=202219> pKW=UNITY_ENABLE_REFLECTION_BUFFERS UNITY_USE_DITHER_MASK_FOR_ALPHABLENDED_SHADOWS UNITY_PBS_USE_BRDF1 UNITY_SPECCUBE_BOX_PROJECTION UNITY_SPECCUBE_BLENDING UNITY_ENABLE_DETAIL_NORMALMAP SHADER_API_DESKTOP UNITY_LIGHT_PROBE_PROXY_VOLUME UNITY_LIGHTMAP_FULL_HDR uKW=SCREEN_SPACE_SHADOWS_OFF PROBE_VOLUMES_OFF SHADOW_MEDIUM SHADER_STAGE_COMPUTE platform=d3d11 flags=0 reqs=16385 forceDXC=0 forceFXC=0  error: 2 plat 25 at Deferred.compute(60): Couldn't open include file 'Packages/com.unity.render-pipelines.high-definition/Runtime/RenderPipeline/ShaderPass/ShaderPass.cs.hlsl'.
 ok=0 outsize=0

Cmd: compileComputeKernel
  insize=11111 file=Packages/com.unity.render-pipelines.high-definition/Runtime/Lighting/LightLoop/Deferred.compute kernel=Deferred_Indirect_Fptl_Variant22 ppOnly=0 stripLineD=0 buildPlatform=19 km=<SHADE_OPAQUE_ENTRY=Deferred_Indirect_Fptl_Variant22>,<USE_INDIRECT=1>,<VARIANT=22>,<UNITY_VERSION=202219> pKW=UNITY_ENABLE_REFLECTION_BUFFERS UNITY_USE_DITHER_MASK_FOR_ALPHABLENDED_SHADOWS UNITY_PBS_USE_BRDF1 UNITY_SPECCUBE_BOX_PROJECTION UNITY_SPECCUBE_BLENDING UNITY_ENABLE_DETAIL_NORMALMAP SHADER_API_DESKTOP UNITY_LIGHT_PROBE_PROXY_VOLUME UNITY_LIGHTMAP_FULL_HDR uKW=SCREEN_SPACE_SHADOWS_OFF PROBE_VOLUMES_OFF SHADOW_MEDIUM SHADER_STAGE_COMPUTE platform=d3d11 flags=0 reqs=16385 forceDXC=0 forceFXC=0  error: 2 plat 25 at Deferred.compute(60): Couldn't open include file 'Packages/com.unity.render-pipelines.high-definition/Runtime/RenderPipeline/ShaderPass/ShaderPass.cs.hlsl'.
 ok=0 outsize=0

Cmd: compileComputeKernel
  insize=11111 file=Packages/com.unity.render-pipelines.high-definition/Runtime/Lighting/LightLoop/Deferred.compute kernel=Deferred_Indirect_Fptl_Variant24 ppOnly=0 stripLineD=0 buildPlatform=19 km=<SHADE_OPAQUE_ENTRY=Deferred_Indirect_Fptl_Variant24>,<USE_INDIRECT=1>,<VARIANT=24>,<UNITY_VERSION=202219> pKW=UNITY_ENABLE_REFLECTION_BUFFERS UNITY_USE_DITHER_MASK_FOR_ALPHABLENDED_SHADOWS UNITY_PBS_USE_BRDF1 UNITY_SPECCUBE_BOX_PROJECTION UNITY_SPECCUBE_BLENDING UNITY_ENABLE_DETAIL_NORMALMAP SHADER_API_DESKTOP UNITY_LIGHT_PROBE_PROXY_VOLUME UNITY_LIGHTMAP_FULL_HDR uKW=SCREEN_SPACE_SHADOWS_OFF PROBE_VOLUMES_OFF SHADOW_MEDIUM SHADER_STAGE_COMPUTE platform=d3d11 flags=0 reqs=16385 forceDXC=0 forceFXC=0  error: 2 plat 25 at Deferred.compute(60): Couldn't open include file 'Packages/com.unity.render-pipelines.high-definition/Runtime/RenderPipeline/ShaderPass/ShaderPass.cs.hlsl'.
 ok=0 outsize=0

Cmd: compileComputeKernel
  insize=11111 file=Packages/com.unity.render-pipelines.high-definition/Runtime/Lighting/LightLoop/Deferred.compute kernel=Deferred_Indirect_Fptl_Variant28 ppOnly=0 stripLineD=0 buildPlatform=19 km=<SHADE_OPAQUE_ENTRY=Deferred_Indirect_Fptl_Variant28>,<USE_INDIRECT=1>,<VARIANT=28>,<UNITY_VERSION=202219> pKW=UNITY_ENABLE_REFLECTION_BUFFERS UNITY_USE_DITHER_MASK_FOR_ALPHABLENDED_SHADOWS UNITY_PBS_USE_BRDF1 UNITY_SPECCUBE_BOX_PROJECTION UNITY_SPECCUBE_BLENDING UNITY_ENABLE_DETAIL_NORMALMAP SHADER_API_DESKTOP UNITY_LIGHT_PROBE_PROXY_VOLUME UNITY_LIGHTMAP_FULL_HDR uKW=SCREEN_SPACE_SHADOWS_OFF PROBE_VOLUMES_OFF SHADOW_MEDIUM SHADER_STAGE_COMPUTE platform=d3d11 flags=0 reqs=16385 forceDXC=0 forceFXC=0  error: 2 plat 25 at Deferred.compute(60): Couldn't open include file 'Packages/com.unity.render-pipelines.high-definition/Runtime/RenderPipeline/ShaderPass/ShaderPass.cs.hlsl'.
 ok=0 outsize=0

Unhandled exception: Protocol error - failed to read magic number (error -2147483644, transferred 0/4)

Quitting shader compiler process
